2026-06-03 13:45:04,767 [INFO] Chưa có data → fetch 90 ngày: 2026-03-05 → 2026-06-02
2026-06-03 13:45:05,339 [INFO] Failed to extract font properties from /usr/share/fonts/truetype/noto/NotoColorEmoji.ttf: Can not load face (unknown file format; error code 0x2)
2026-06-03 13:45:05,392 [INFO] generated new fontManager
2026-06-03 13:45:07,875 [INFO] Device registered: 354c82000fe98b4ab7cfcc1c6cce8932 (version 0.0.1)
2026-06-03 13:45:12,403 [INFO] VCB: ✓ 61 dòng
2026-06-03 13:45:14,797 [INFO] VIC: ✓ 61 dòng
2026-06-03 13:45:17,023 [INFO] VHM: ✓ 61 dòng
2026-06-03 13:45:19,320 [INFO] HPG: ✓ 61 dòng
2026-06-03 13:45:21,755 [INFO] TCB: ✓ 61 dòng
2026-06-03 13:45:24,157 [INFO] MBB: ✓ 61 dòng
2026-06-03 13:45:26,387 [INFO] VNM: ✓ 61 dòng
2026-06-03 13:45:28,822 [INFO] FPT: ✓ 61 dòng
2026-06-03 13:45:31,134 [INFO] MSN: ✓ 61 dòng
2026-06-03 13:45:33,396 [INFO] BID: ✓ 61 dòng
2026-06-03 13:45:33,396 [INFO] === Xong: 10/10 tickers | 610 dòng mới ===
2026-06-04 19:33:49,501 [INFO] Fetch từ 2026-06-03 → 2026-06-03
2026-06-04 19:33:49,968 [INFO] Failed to extract font properties from /usr/share/fonts/truetype/noto/NotoColorEmoji.ttf: Can not load face (unknown file format; error code 0x2)
2026-06-04 19:33:50,037 [INFO] generated new fontManager
2026-06-04 19:33:52,809 [INFO] Device registered: 354c82000fe98b4ab7cfcc1c6cce8932 (version 0.0.1)
2026-06-04 19:33:57,237 [INFO] VCB: ✓ 1 dòng
2026-06-04 19:33:59,718 [INFO] VIC: ✓ 1 dòng
2026-06-04 19:34:02,013 [INFO] VHM: ✓ 1 dòng
2026-06-04 19:34:04,331 [INFO] HPG: ✓ 1 dòng
2026-06-04 19:34:06,802 [INFO] TCB: ✓ 1 dòng
2026-06-04 19:34:09,448 [INFO] MBB: ✓ 1 dòng
2026-06-04 19:34:11,896 [INFO] VNM: ✓ 1 dòng
2026-06-04 19:34:14,220 [INFO] FPT: ✓ 1 dòng
2026-06-04 19:34:16,586 [INFO] MSN: ✓ 1 dòng
2026-06-04 19:34:19,064 [INFO] BID: ✓ 1 dòng
2026-06-04 19:34:19,064 [INFO] === Xong: 10/10 tickers | 10 dòng mới ===
2026-06-05 18:18:13,529 [INFO] Fetch từ 2026-06-04 → 2026-06-04
2026-06-05 18:18:14,076 [INFO] Failed to extract font properties from /usr/share/fonts/truetype/noto/NotoColorEmoji.ttf: Can not load face (unknown file format; error code 0x2)
2026-06-05 18:18:14,098 [INFO] generated new fontManager
2026-06-05 18:18:16,906 [INFO] Device registered: 354c82000fe98b4ab7cfcc1c6cce8932 (version 0.0.1)
2026-06-05 18:18:22,723 [INFO] VCB: ✓ 1 dòng
2026-06-05 18:18:25,752 [INFO] VIC: ✓ 1 dòng
2026-06-05 18:18:28,548 [INFO] VHM: ✓ 1 dòng
2026-06-05 18:18:31,564 [INFO] HPG: ✓ 1 dòng
2026-06-05 18:18:34,518 [INFO] TCB: ✓ 1 dòng
2026-06-05 18:18:37,350 [INFO] MBB: ✓ 1 dòng
2026-06-05 18:18:40,207 [INFO] VNM: ✓ 1 dòng
2026-06-05 18:18:43,127 [INFO] FPT: ✓ 1 dòng
2026-06-05 18:18:46,269 [INFO] MSN: ✓ 1 dòng
2026-06-05 18:18:49,084 [INFO] BID: ✓ 1 dòng
2026-06-05 18:18:49,084 [INFO] === Xong: 10/10 tickers | 10 dòng mới ===
